  File "/home/ubuntu/crypto_analysis_bot/src/main.py", line 129
    filename = f"{self.data_dir}/social_data_{datetime.now
               ^
SyntaxError: unterminated string literal (detected at line 129)
  File "/home/ubuntu/crypto_analysis_bot/src/main.py", line 129
    filename = f"{self.data_dir}/social_data_{datetime.now
               ^
SyntaxError: unterminated string literal (detected at line 129)
  File "/home/ubuntu/crypto_analysis_bot/src/main.py", line 129
    filename = f"{self.data_dir}/social_data_{datetime.now
               ^
SyntaxError: unterminated string literal (detected at line 129)
  File "/home/ubuntu/crypto_analysis_bot/src/main.py", line 129
    filename = f"{self.data_dir}/social_data_{datetime.now
               ^
SyntaxError: unterminated string literal (detected at line 129)
  File "/home/ubuntu/crypto_analysis_bot/src/main.py", line 129
    filename = f"{self.data_dir}/social_data_{datetime.now
               ^
SyntaxError: unterminated string literal (detected at line 129)
  File "/home/ubuntu/crypto_analysis_bot/src/main.py", line 129
    filename = f"{self.data_dir}/social_data_{datetime.now
               ^
SyntaxError: unterminated string literal (detected at line 129)
  File "/home/ubuntu/crypto_analysis_bot/src/main.py", line 129
    filename = f"{self.data_dir}/social_data_{datetime.now
               ^
SyntaxError: unterminated string literal (detected at line 129)
  File "/home/ubuntu/crypto_analysis_bot/src/main.py", line 129
    filename = f"{self.data_dir}/social_data_{datetime.now
               ^
SyntaxError: unterminated string literal (detected at line 129)
  File "/home/ubuntu/crypto_analysis_bot/src/main.py", line 129
    filename = f"{self.data_dir}/social_data_{datetime.now
               ^
SyntaxError: unterminated string literal (detected at line 129)
  File "/home/ubuntu/crypto_analysis_bot/src/main.py", line 129
    filename = f"{self.data_dir}/social_data_{datetime.now
               ^
SyntaxError: unterminated string literal (detected at line 129)
  File "/home/ubuntu/crypto_analysis_bot/src/main.py", line 129
    filename = f"{self.data_dir}/social_data_{datetime.now
               ^
SyntaxError: unterminated string literal (detected at line 129)
  File "/home/ubuntu/crypto_analysis_bot/src/main.py", line 129
    filename = f"{self.data_dir}/social_data_{datetime.now
               ^
SyntaxError: unterminated string literal (detected at line 129)
  File "/home/ubuntu/crypto_analysis_bot/src/main.py", line 129
    filename = f"{self.data_dir}/social_data_{datetime.now
               ^
SyntaxError: unterminated string literal (detected at line 129)
  File "/home/ubuntu/crypto_analysis_bot/src/main.py", line 129
    filename = f"{self.data_dir}/social_data_{datetime.now
               ^
SyntaxError: unterminated string literal (detected at line 129)
  File "/home/ubuntu/crypto_analysis_bot/src/main.py", line 129
    filename = f"{self.data_dir}/social_data_{datetime.now
               ^
SyntaxError: unterminated string literal (detected at line 129)
  File "/home/ubuntu/crypto_analysis_bot/src/main.py", line 134
    }
    ^
SyntaxError: unmatched '}'
  File "/home/ubuntu/crypto_analysis_bot/src/main.py", line 134
    }
    ^
SyntaxError: unmatched '}'
  File "/home/ubuntu/crypto_analysis_bot/src/main.py", line 134
    }
    ^
SyntaxError: unmatched '}'
  File "/home/ubuntu/crypto_analysis_bot/src/main.py", line 134
    }
    ^
SyntaxError: unmatched '}'
  File "/home/ubuntu/crypto_analysis_bot/src/main.py", line 134
    }
    ^
SyntaxError: unmatched '}'
  File "/home/ubuntu/crypto_analysis_bot/src/main.py", line 134
    }
    ^
SyntaxError: unmatched '}'
  File "/home/ubuntu/crypto_analysis_bot/src/main.py", line 134
    }
    ^
SyntaxError: unmatched '}'
  File "/home/ubuntu/crypto_analysis_bot/src/main.py", line 134
    }
    ^
SyntaxError: unmatched '}'
  File "/home/ubuntu/crypto_analysis_bot/src/main.py", line 134
    }
    ^
SyntaxError: unmatched '}'
  File "/home/ubuntu/crypto_analysis_bot/src/main.py", line 134
    }
    ^
SyntaxError: unmatched '}'
  File "/home/ubuntu/crypto_analysis_bot/src/main.py", line 134
    }
    ^
SyntaxError: unmatched '}'
  File "/home/ubuntu/crypto_analysis_bot/src/main.py", line 134
    }
    ^
SyntaxError: unmatched '}'
  File "/home/ubuntu/crypto_analysis_bot/src/main.py", line 134
    }
    ^
SyntaxError: unmatched '}'
  File "/home/ubuntu/crypto_analysis_bot/src/main.py", line 134
    }
    ^
SyntaxError: unmatched '}'
  File "/home/ubuntu/crypto_analysis_bot/src/main.py", line 134
    }
    ^
SyntaxError: unmatched '}'
  File "/home/ubuntu/crypto_analysis_bot/src/main.py", line 134
    }
    ^
SyntaxError: unmatched '}'
  File "/home/ubuntu/crypto_analysis_bot/src/main.py", line 134
    }
    ^
SyntaxError: unmatched '}'
  File "/home/ubuntu/crypto_analysis_bot/src/main.py", line 134
    }
    ^
SyntaxError: unmatched '}'
  File "/home/ubuntu/crypto_analysis_bot/src/main.py", line 134
    }
    ^
SyntaxError: unmatched '}'
  File "/home/ubuntu/crypto_analysis_bot/src/main.py", line 134
    }
    ^
SyntaxError: unmatched '}'
  File "/home/ubuntu/crypto_analysis_bot/src/main.py", line 134
    }
    ^
SyntaxError: unmatched '}'
  File "/home/ubuntu/crypto_analysis_bot/src/main.py", line 134
    }
    ^
SyntaxError: unmatched '}'
  File "/home/ubuntu/crypto_analysis_bot/src/main.py", line 134
    }
    ^
SyntaxError: unmatched '}'
  File "/home/ubuntu/crypto_analysis_bot/src/main.py", line 134
    }
    ^
SyntaxError: unmatched '}'
  File "/home/ubuntu/crypto_analysis_bot/src/main.py", line 130
    'tweet_count': len(tweets),
    ^^^^^^^^^^^^^
SyntaxError: illegal target for annotation
  File "/home/ubuntu/crypto_analysis_bot/src/main.py", line 130
    'tweet_count': len(tweets),
    ^^^^^^^^^^^^^
SyntaxError: illegal target for annotation
  File "/home/ubuntu/crypto_analysis_bot/src/main.py", line 130
    'tweet_count': len(tweets),
    ^^^^^^^^^^^^^
SyntaxError: illegal target for annotation
  File "/home/ubuntu/crypto_analysis_bot/src/main.py", line 130
    'tweet_count': len(tweets),
    ^^^^^^^^^^^^^
SyntaxError: illegal target for annotation
  File "/home/ubuntu/crypto_analysis_bot/src/main.py", line 130
    'tweet_count': len(tweets),
    ^^^^^^^^^^^^^
SyntaxError: illegal target for annotation
  File "/home/ubuntu/crypto_analysis_bot/src/main.py", line 130
    'tweet_count': len(tweets),
    ^^^^^^^^^^^^^
SyntaxError: illegal target for annotation
  File "/home/ubuntu/crypto_analysis_bot/src/main.py", line 130
    'tweet_count': len(tweets),
    ^^^^^^^^^^^^^
SyntaxError: illegal target for annotation
  File "/home/ubuntu/crypto_analysis_bot/src/main.py", line 130
    'tweet_count': len(tweets),
    ^^^^^^^^^^^^^
SyntaxError: illegal target for annotation
  File "/home/ubuntu/crypto_analysis_bot/src/main.py", line 130
    'tweet_count': len(tweets),
    ^^^^^^^^^^^^^
SyntaxError: illegal target for annotation
  File "/home/ubuntu/crypto_analysis_bot/src/main.py", line 130
    'tweet_count': len(tweets),
    ^^^^^^^^^^^^^
SyntaxError: illegal target for annotation
  File "/home/ubuntu/crypto_analysis_bot/src/main.py", line 130
    'tweet_count': len(tweets),
    ^^^^^^^^^^^^^
SyntaxError: illegal target for annotation
  File "/home/ubuntu/crypto_analysis_bot/src/main.py", line 130
    'tweet_count': len(tweets),
    ^^^^^^^^^^^^^
SyntaxError: illegal target for annotation
  File "/home/ubuntu/crypto_analysis_bot/src/main.py", line 130
    'tweet_count': len(tweets),
    ^^^^^^^^^^^^^
SyntaxError: illegal target for annotation
  File "/home/ubuntu/crypto_analysis_bot/src/main.py", line 130
    'tweet_count': len(tweets),
    ^^^^^^^^^^^^^
SyntaxError: illegal target for annotation
  File "/home/ubuntu/crypto_analysis_bot/src/main.py", line 130
    'tweet_count': len(tweets),
    ^^^^^^^^^^^^^
SyntaxError: illegal target for annotation
  File "/home/ubuntu/crypto_analysis_bot/src/main.py", line 130
    'tweet_count': len(tweets),
    ^^^^^^^^^^^^^
SyntaxError: illegal target for annotation
  File "/home/ubuntu/crypto_analysis_bot/src/main.py", line 130
    'tweet_count': len(tweets),
    ^^^^^^^^^^^^^
SyntaxError: illegal target for annotation
  File "/home/ubuntu/crypto_analysis_bot/src/main.py", line 130
    'tweet_count': len(tweets),
    ^^^^^^^^^^^^^
SyntaxError: illegal target for annotation
  File "/home/ubuntu/crypto_analysis_bot/src/main.py", line 130
    'tweet_count': len(tweets),
    ^^^^^^^^^^^^^
SyntaxError: illegal target for annotation
  File "/home/ubuntu/crypto_analysis_bot/src/main.py", line 130
    'tweet_count': len(tweets),
    ^^^^^^^^^^^^^
SyntaxError: illegal target for annotation
  File "/home/ubuntu/crypto_analysis_bot/src/main.py", line 130
    'tweet_count': len(tweets),
    ^^^^^^^^^^^^^
SyntaxError: illegal target for annotation
  File "/home/ubuntu/crypto_analysis_bot/src/main.py", line 130
    'tweet_count': len(tweets),
    ^^^^^^^^^^^^^
SyntaxError: illegal target for annotation
  File "/home/ubuntu/crypto_analysis_bot/src/main.py", line 130
    'tweet_count': len(tweets),
    ^^^^^^^^^^^^^
SyntaxError: illegal target for annotation
  File "/home/ubuntu/crypto_analysis_bot/src/main.py", line 130
    'tweet_count': len(tweets),
    ^^^^^^^^^^^^^
SyntaxError: illegal target for annotation
  File "/home/ubuntu/crypto_analysis_bot/src/main.py", line 130
    'tweet_count': len(tweets),
    ^^^^^^^^^^^^^
SyntaxError: illegal target for annotation
  File "/home/ubuntu/crypto_analysis_bot/src/main.py", line 130
    'tweet_count': len(tweets),
    ^^^^^^^^^^^^^
SyntaxError: illegal target for annotation
  File "/home/ubuntu/crypto_analysis_bot/src/main.py", line 130
    'tweet_count': len(tweets),
    ^^^^^^^^^^^^^
SyntaxError: illegal target for annotation
  File "/home/ubuntu/crypto_analysis_bot/src/main.py", line 130
    'tweet_count': len(tweets),
    ^^^^^^^^^^^^^
SyntaxError: illegal target for annotation
  File "/home/ubuntu/crypto_analysis_bot/src/main.py", line 130
    'tweet_count': len(tweets),
    ^^^^^^^^^^^^^
SyntaxError: illegal target for annotation
  File "/home/ubuntu/crypto_analysis_bot/src/main.py", line 130
    'tweet_count': len(tweets),
    ^^^^^^^^^^^^^
SyntaxError: illegal target for annotation
  File "/home/ubuntu/crypto_analysis_bot/src/main.py", line 130
    'tweet_count': len(tweets),
    ^^^^^^^^^^^^^
SyntaxError: illegal target for annotation
  File "/home/ubuntu/crypto_analysis_bot/src/main.py", line 130
    'tweet_count': len(tweets),
    ^^^^^^^^^^^^^
SyntaxError: illegal target for annotation
  File "/home/ubuntu/crypto_analysis_bot/src/main.py", line 130
    'tweet_count': len(tweets),
    ^^^^^^^^^^^^^
SyntaxError: illegal target for annotation
  File "/home/ubuntu/crypto_analysis_bot/src/main.py", line 130
    'tweet_count': len(tweets),
    ^^^^^^^^^^^^^
SyntaxError: illegal target for annotation
  File "/home/ubuntu/crypto_analysis_bot/src/main.py", line 130
    'tweet_count': len(tweets),
    ^^^^^^^^^^^^^
SyntaxError: illegal target for annotation
  File "/home/ubuntu/crypto_analysis_bot/src/main.py", line 130
    'tweet_count': len(tweets),
    ^^^^^^^^^^^^^
SyntaxError: illegal target for annotation
  File "/home/ubuntu/crypto_analysis_bot/src/main.py", line 130
    'tweet_count': len(tweets),
    ^^^^^^^^^^^^^
SyntaxError: illegal target for annotation
  File "/home/ubuntu/crypto_analysis_bot/src/main.py", line 130
    'tweet_count': len(tweets),
    ^^^^^^^^^^^^^
SyntaxError: illegal target for annotation
  File "/home/ubuntu/crypto_analysis_bot/src/main.py", line 130
    'tweet_count': len(tweets),
    ^^^^^^^^^^^^^
SyntaxError: illegal target for annotation
  File "/home/ubuntu/crypto_analysis_bot/src/main.py", line 130
    'tweet_count': len(tweets),
    ^^^^^^^^^^^^^
SyntaxError: illegal target for annotation
  File "/home/ubuntu/crypto_analysis_bot/src/main.py", line 131
    'tweet_count': len(tweets),
    ^^^^^^^^^^^^^
SyntaxError: illegal target for annotation
  File "/home/ubuntu/crypto_analysis_bot/src/main.py", line 152
    'tweet_count': len(tweets),
    ^^^^^^^^^^^^^
SyntaxError: illegal target for annotation
  File "/home/ubuntu/crypto_analysis_bot/src/main.py", line 152
    'tweet_count': len(tweets),
    ^^^^^^^^^^^^^
SyntaxError: illegal target for annotation
  File "/home/ubuntu/crypto_analysis_bot/src/main.py", line 152
    'tweet_count': len(tweets),
    ^^^^^^^^^^^^^
SyntaxError: illegal target for annotation
  File "/home/ubuntu/crypto_analysis_bot/src/main.py", line 152
    'tweet_count': len(tweets),
    ^^^^^^^^^^^^^
SyntaxError: illegal target for annotation
  File "/home/ubuntu/crypto_analysis_bot/src/main.py", line 152
    'tweet_count': len(tweets),
    ^^^^^^^^^^^^^
SyntaxError: illegal target for annotation
  File "/home/ubuntu/crypto_analysis_bot/src/main.py", line 152
    'tweet_count': len(tweets),
    ^^^^^^^^^^^^^
SyntaxError: illegal target for annotation
  File "/home/ubuntu/crypto_analysis_bot/src/main.py", line 152
    'tweet_count': len(tweets),
    ^^^^^^^^^^^^^
SyntaxError: illegal target for annotation
  File "/home/ubuntu/crypto_analysis_bot/src/main.py", line 152
    'tweet_count': len(tweets),
    ^^^^^^^^^^^^^
SyntaxError: illegal target for annotation
  File "/home/ubuntu/crypto_analysis_bot/src/main.py", line 131
    'tweet_count': len(tweets),
    ^^^^^^^^^^^^^
SyntaxError: illegal target for annotation
  File "/home/ubuntu/crypto_analysis_bot/src/main.py", line 131
    'tweet_count': len(tweets),
    ^^^^^^^^^^^^^
SyntaxError: illegal target for annotation
  File "/home/ubuntu/crypto_analysis_bot/src/main.py", line 131
    'tweet_count': len(tweets),
    ^^^^^^^^^^^^^
SyntaxError: illegal target for annotation
  File "/home/ubuntu/crypto_analysis_bot/src/main.py", line 131
    'tweet_count': len(tweets),
    ^^^^^^^^^^^^^
SyntaxError: illegal target for annotation
  File "/home/ubuntu/crypto_analysis_bot/src/main.py", line 131
    'tweet_count': len(tweets),
    ^^^^^^^^^^^^^
SyntaxError: illegal target for annotation
  File "/home/ubuntu/crypto_analysis_bot/src/main.py", line 131
    'tweet_count': len(tweets),
    ^^^^^^^^^^^^^
SyntaxError: illegal target for annotation
  File "/home/ubuntu/crypto_analysis_bot/src/main.py", line 131
    'tweet_count': len(tweets),
    ^^^^^^^^^^^^^
SyntaxError: illegal target for annotation
  File "/home/ubuntu/crypto_analysis_bot/src/main.py", line 131
    'tweet_count': len(tweets),
    ^^^^^^^^^^^^^
SyntaxError: illegal target for annotation
  File "/home/ubuntu/crypto_analysis_bot/src/main.py", line 131
    'tweet_count': len(tweets),
    ^^^^^^^^^^^^^
SyntaxError: illegal target for annotation
  File "/home/ubuntu/crypto_analysis_bot/src/main.py", line 131
    'tweet_count': len(tweets),
    ^^^^^^^^^^^^^
SyntaxError: illegal target for annotation
  File "/home/ubuntu/crypto_analysis_bot/src/main.py", line 131
    'tweet_count': len(tweets),
    ^^^^^^^^^^^^^
SyntaxError: illegal target for annotation
  File "/home/ubuntu/crypto_analysis_bot/src/main.py", line 131
    'tweet_count': len(tweets),
    ^^^^^^^^^^^^^
SyntaxError: illegal target for annotation
  File "/home/ubuntu/crypto_analysis_bot/src/main.py", line 131
    'tweet_count': len(tweets),
    ^^^^^^^^^^^^^
SyntaxError: illegal target for annotation
  File "/home/ubuntu/crypto_analysis_bot/src/main.py", line 131
    'tweet_count': len(tweets),
    ^^^^^^^^^^^^^
SyntaxError: illegal target for annotation
  File "/home/ubuntu/crypto_analysis_bot/src/main.py", line 131
    'tweet_count': len(tweets),
    ^^^^^^^^^^^^^
SyntaxError: illegal target for annotation
  File "/home/ubuntu/crypto_analysis_bot/src/main.py", line 131
    'tweet_count': len(tweets),
    ^^^^^^^^^^^^^
SyntaxError: illegal target for annotation
  File "/home/ubuntu/crypto_analysis_bot/src/main.py", line 131
    'tweet_count': len(tweets),
    ^^^^^^^^^^^^^
SyntaxError: illegal target for annotation
  File "/home/ubuntu/crypto_analysis_bot/src/main.py", line 131
    'tweet_count': len(tweets),
    ^^^^^^^^^^^^^
SyntaxError: illegal target for annotation
  File "/home/ubuntu/crypto_analysis_bot/src/main.py", line 131
    'tweet_count': len(tweets),
    ^^^^^^^^^^^^^
SyntaxError: illegal target for annotation
  File "/home/ubuntu/crypto_analysis_bot/src/main.py", line 131
    'tweet_count': len(tweets),
    ^^^^^^^^^^^^^
SyntaxError: illegal target for annotation
  File "/home/ubuntu/crypto_analysis_bot/src/main.py", line 131
    'tweet_count': len(tweets),
    ^^^^^^^^^^^^^
SyntaxError: illegal target for annotation
  File "/home/ubuntu/crypto_analysis_bot/src/main.py", line 131
    'tweet_count': len(tweets),
    ^^^^^^^^^^^^^
SyntaxError: illegal target for annotation
  File "/home/ubuntu/crypto_analysis_bot/src/main.py", line 131
    'tweet_count': len(tweets),
    ^^^^^^^^^^^^^
SyntaxError: illegal target for annotation
  File "/home/ubuntu/crypto_analysis_bot/src/main.py", line 131
    'tweet_count': len(tweets),
    ^^^^^^^^^^^^^
SyntaxError: illegal target for annotation
  File "/home/ubuntu/crypto_analysis_bot/src/main.py", line 131
    'tweet_count': len(tweets),
    ^^^^^^^^^^^^^
SyntaxError: illegal target for annotation
  File "/home/ubuntu/crypto_analysis_bot/src/main.py", line 131
    'tweet_count': len(tweets),
    ^^^^^^^^^^^^^
SyntaxError: illegal target for annotation
  File "/home/ubuntu/crypto_analysis_bot/src/main.py", line 131
    'tweet_count': len(tweets),
    ^^^^^^^^^^^^^
SyntaxError: illegal target for annotation
  File "/home/ubuntu/crypto_analysis_bot/src/main.py", line 131
    'tweet_count': len(tweets),
    ^^^^^^^^^^^^^
SyntaxError: illegal target for annotation
  File "/home/ubuntu/crypto_analysis_bot/src/main.py", line 131
    'tweet_count': len(tweets),
    ^^^^^^^^^^^^^
SyntaxError: illegal target for annotation
  File "/home/ubuntu/crypto_analysis_bot/src/main.py", line 131
    'tweet_count': len(tweets),
    ^^^^^^^^^^^^^
SyntaxError: illegal target for annotation
  File "/home/ubuntu/crypto_analysis_bot/src/main.py", line 131
    'tweet_count': len(tweets),
    ^^^^^^^^^^^^^
SyntaxError: illegal target for annotation
  File "/home/ubuntu/crypto_analysis_bot/src/main.py", line 131
    'tweet_count': len(tweets),
    ^^^^^^^^^^^^^
SyntaxError: illegal target for annotation
  File "/home/ubuntu/crypto_analysis_bot/src/main.py", line 131
    'tweet_count': len(tweets),
    ^^^^^^^^^^^^^
SyntaxError: illegal target for annotation
  File "/home/ubuntu/crypto_analysis_bot/src/main.py", line 131
    'tweet_count': len(tweets),
    ^^^^^^^^^^^^^
SyntaxError: illegal target for annotation
  File "/home/ubuntu/crypto_analysis_bot/src/main.py", line 131
    'tweet_count': len(tweets),
    ^^^^^^^^^^^^^
SyntaxError: illegal target for annotation
  File "/home/ubuntu/crypto_analysis_bot/src/main.py", line 131
    'tweet_count': len(tweets),
    ^^^^^^^^^^^^^
SyntaxError: illegal target for annotation
